-------------------------------------------------------------------------------
Test set: com.portfolio.jthmarquez.jthmarquezApplicationTests
-------------------------------------------------------------------------------
Tests run: 1, Failures: 0, Errors: 1, Skipped: 0, Time elapsed: 4.446 s <<< FAILURE! - in com.portfolio.jthmarquez.jthmarquezApplicationTests
contextLoads  Time elapsed: 0.021 s  <<< ERROR!
java.lang.IllegalStateException: Failed to load ApplicationContext
Caused by: org.springframework.beans.factory.BeanCreationException: Error creating bean with name 'entityManagerFactory' defined in class path resource [org/springframework/boot/autoconfigure/orm/jpa/HibernateJpaConfiguration.class]: Invocation of init method failed; nested exception is javax.persistence.PersistenceException: [PersistenceUnit: default] Unable to build Hibernate SessionFactory; nested exception is java.lang.RuntimeException: Driver com.mysql.cj.jdbc.Driver claims to not accept jdbcUrl, jdbc:mysql:b2mdq6sthkmsd1vn4ddo-mysql.services.clever-cloud.com:3307/b2mdq6sthkmsd1vn4ddo?useSSL=false&serverTimezone=UTC
Caused by: javax.persistence.PersistenceException: [PersistenceUnit: default] Unable to build Hibernate SessionFactory; nested exception is java.lang.RuntimeException: Driver com.mysql.cj.jdbc.Driver claims to not accept jdbcUrl, jdbc:mysql:b2mdq6sthkmsd1vn4ddo-mysql.services.clever-cloud.com:3307/b2mdq6sthkmsd1vn4ddo?useSSL=false&serverTimezone=UTC
Caused by: java.lang.RuntimeException: Driver com.mysql.cj.jdbc.Driver claims to not accept jdbcUrl, jdbc:mysql:b2mdq6sthkmsd1vn4ddo-mysql.services.clever-cloud.com:3307/b2mdq6sthkmsd1vn4ddo?useSSL=false&serverTimezone=UTC

